# JRE version: OpenJDK Runtime Environment Temurin-17.0.7+7 (17.0.7+7) (build 17.0.7+7)
# Java VM: OpenJDK 64-Bit Server VM Temurin-17.0.7+7 (17.0.7+7, mixed mode, tiered, compressed oops, compressed class ptrs, parallel gc, bsd-amd64)
GC Precious Log:
 CPUs: 8 total, 8 available
 Memory: 16384M
 Large Page Support: Disabled
 NUMA Support: Disabled
 Compressed Oops: Enabled (Zero based)
 Alignments: Space 512K, Generation 512K, Heap 2M
 Heap Min Capacity: 100M
 Heap Initial Capacity: 100M
 Heap Max Capacity: 1G
 Pre-touch: Disabled
 Parallel Workers: 8
Heap:
 PSYoungGen      total 26112K, used 10837K [0x00000007eab00000, 0x00000007ece80000, 0x0000000800000000)
  eden space 25088K, 39% used [0x00000007eab00000,0x00000007eb4a7a08,0x00000007ec380000)
  from space 1024K, 92% used [0x00000007ecd80000,0x00000007ece6dc98,0x00000007ece80000)
  to   space 3584K, 0% used [0x00000007ec780000,0x00000007ec780000,0x00000007ecb00000)
 ParOldGen       total 68608K, used 23351K [0x00000007c0000000, 0x00000007c4300000, 0x00000007eab00000)
  object space 68608K, 34% used [0x00000007c0000000,0x00000007c16cdf68,0x00000007c4300000)
 Metaspace       used 26114K, committed 26560K, reserved 1114112K
  class space    used 2586K, committed 2752K, reserved 1048576K
GC Heap History (14 events):
Event: 2.981 GC heap before
{Heap before GC invocations=1 (full 0):
 PSYoungGen      total 29696K, used 25600K [0x00000007eab00000, 0x00000007ecc00000, 0x0000000800000000)
  eden space 25600K, 100% used [0x00000007eab00000,0x00000007ec400000,0x00000007ec400000)
  from space 4096K, 0% used [0x00000007ec800000,0x00000007ec800000,0x00000007ecc00000)
  to   space 4096K, 0% used [0x00000007ec400000,0x00000007ec400000,0x00000007ec800000)
 ParOldGen       total 68608K, used 0K [0x00000007c0000000, 0x00000007c4300000, 0x00000007eab00000)
  object space 68608K, 0% used [0x00000007c0000000,0x00000007c0000000,0x00000007c4300000)
 Metaspace       used 11284K, committed 11456K, reserved 1114112K
  class space    used 1145K, committed 1280K, reserved 1048576K
}
Event: 2.988 GC heap after
{Heap after GC invocations=1 (full 0):
 PSYoungGen      total 29696K, used 3154K [0x00000007eab00000, 0x00000007ecc00000, 0x0000000800000000)
  eden space 25600K, 0% used [0x00000007eab00000,0x00000007eab00000,0x00000007ec400000)
  from space 4096K, 77% used [0x00000007ec400000,0x00000007ec714820,0x00000007ec800000)
  to   space 4096K, 0% used [0x00000007ec800000,0x00000007ec800000,0x00000007ecc00000)
 ParOldGen       total 68608K, used 16K [0x00000007c0000000, 0x00000007c4300000, 0x00000007eab00000)
  object space 68608K, 0% used [0x00000007c0000000,0x00000007c0004000,0x00000007c4300000)
 Metaspace       used 11284K, committed 11456K, reserved 1114112K
  class space    used 1145K, committed 1280K, reserved 1048576K
}
Event: 4.675 GC heap before
{Heap before GC invocations=2 (full 0):
 PSYoungGen      total 29696K, used 28754K [0x00000007eab00000, 0x00000007ecc00000, 0x0000000800000000)
  eden space 25600K, 100% used [0x00000007eab00000,0x00000007ec400000,0x00000007ec400000)
  from space 4096K, 77% used [0x00000007ec400000,0x00000007ec714820,0x00000007ec800000)
  to   space 4096K, 0% used [0x00000007ec800000,0x00000007ec800000,0x00000007ecc00000)
 ParOldGen       total 68608K, used 16K [0x00000007c0000000, 0x00000007c4300000, 0x00000007eab00000)
  object space 68608K, 0% used [0x00000007c0000000,0x00000007c0004000,0x00000007c4300000)
 Metaspace       used 15604K, committed 15936K, reserved 1114112K
  class space    used 1625K, committed 1792K, reserved 1048576K
}
Event: 4.681 GC heap after
{Heap after GC invocations=2 (full 0):
 PSYoungGen      total 29696K, used 4088K [0x00000007eab00000, 0x00000007ecc00000, 0x0000000800000000)
  eden space 25600K, 0% used [0x00000007eab00000,0x00000007eab00000,0x00000007ec400000)
  from space 4096K, 99% used [0x00000007ec800000,0x00000007ecbfe068,0x00000007ecc00000)
  to   space 4096K, 0% used [0x00000007ec400000,0x00000007ec400000,0x00000007ec800000)
 ParOldGen       total 68608K, used 764K [0x00000007c0000000, 0x00000007c4300000, 0x00000007eab00000)
  object space 68608K, 1% used [0x00000007c0000000,0x00000007c00bf360,0x00000007c4300000)
 Metaspace       used 15604K, committed 15936K, reserved 1114112K
  class space    used 1625K, committed 1792K, reserved 1048576K
}
Event: 6.298 GC heap before
{Heap before GC invocations=3 (full 0):
 PSYoungGen      total 29696K, used 29688K [0x00000007eab00000, 0x00000007ecc00000, 0x0000000800000000)
  eden space 25600K, 100% used [0x00000007eab00000,0x00000007ec400000,0x00000007ec400000)
  from space 4096K, 99% used [0x00000007ec800000,0x00000007ecbfe068,0x00000007ecc00000)
  to   space 4096K, 0% used [0x00000007ec400000,0x00000007ec400000,0x00000007ec800000)
 ParOldGen       total 68608K, used 764K [0x00000007c0000000, 0x00000007c4300000, 0x00000007eab00000)
  object space 68608K, 1% used [0x00000007c0000000,0x00000007c00bf360,0x00000007c4300000)
 Metaspace       used 19981K, committed 20352K, reserved 1114112K
  class space    used 2067K, committed 2240K, reserved 1048576K
}
Event: 6.303 GC heap after
{Heap after GC invocations=3 (full 0):
 PSYoungGen      total 29696K, used 4083K [0x00000007eab00000, 0x00000007ecc00000, 0x0000000800000000)
  eden space 25600K, 0% used [0x00000007eab00000,0x00000007eab00000,0x00000007ec400000)
  from space 4096K, 99% used [0x00000007ec400000,0x00000007ec7fcdd8,0x00000007ec800000)
  to   space 4096K, 0% used [0x00000007ec800000,0x00000007ec800000,0x00000007ecc00000)
 ParOldGen       total 68608K, used 4522K [0x00000007c0000000, 0x00000007c4300000, 0x00000007eab00000)
  object space 68608K, 6% used [0x00000007c0000000,0x00000007c046abe0,0x00000007c4300000)
 Metaspace       used 19981K, committed 20352K, reserved 1114112K
  class space    used 2067K, committed 2240K, reserved 1048576K
}
Event: 6.711 GC heap before
{Heap before GC invocations=4 (full 0):
 PSYoungGen      total 29696K, used 29683K [0x00000007eab00000, 0x00000007ecc00000, 0x0000000800000000)
  eden space 25600K, 100% used [0x00000007eab00000,0x00000007ec400000,0x00000007ec400000)
  from space 4096K, 99% used [0x00000007ec400000,0x00000007ec7fcdd8,0x00000007ec800000)
  to   space 4096K, 0% used [0x00000007ec800000,0x00000007ec800000,0x00000007ecc00000)
 ParOldGen       total 68608K, used 4522K [0x00000007c0000000, 0x00000007c4300000, 0x00000007eab00000)
  object space 68608K, 6% used [0x00000007c0000000,0x00000007c046abe0,0x00000007c4300000)
 Metaspace       used 20453K, committed 20800K, reserved 1114112K
  class space    used 2123K, committed 2240K, reserved 1048576K
}
Event: 6.724 GC heap after
{Heap after GC invocations=4 (full 0):
 PSYoungGen      total 29696K, used 4083K [0x00000007eab00000, 0x00000007ecc00000, 0x0000000800000000)
  eden space 25600K, 0% used [0x00000007eab00000,0x00000007eab00000,0x00000007ec400000)
  from space 4096K, 99% used [0x00000007ec800000,0x00000007ecbfcdd8,0x00000007ecc00000)
  to   space 4096K, 0% used [0x00000007ec400000,0x00000007ec400000,0x00000007ec800000)
 ParOldGen       total 68608K, used 19283K [0x00000007c0000000, 0x00000007c4300000, 0x00000007eab00000)
  object space 68608K, 28% used [0x00000007c0000000,0x00000007c12d4dd0,0x00000007c4300000)
 Metaspace       used 20453K, committed 20800K, reserved 1114112K
  class space    used 2123K, committed 2240K, reserved 1048576K
}
Event: 6.939 GC heap before
{Heap before GC invocations=5 (full 0):
 PSYoungGen      total 29696K, used 8389K [0x00000007eab00000, 0x00000007ecc00000, 0x0000000800000000)
  eden space 25600K, 16% used [0x00000007eab00000,0x00000007eaf34900,0x00000007ec400000)
  from space 4096K, 99% used [0x00000007ec800000,0x00000007ecbfcdd8,0x00000007ecc00000)
  to   space 4096K, 0% used [0x00000007ec400000,0x00000007ec400000,0x00000007ec800000)
 ParOldGen       total 68608K, used 19283K [0x00000007c0000000, 0x00000007c4300000, 0x00000007eab00000)
  object space 68608K, 28% used [0x00000007c0000000,0x00000007c12d4dd0,0x00000007c4300000)
 Metaspace       used 21129K, committed 21504K, reserved 1114112K
  class space    used 2203K, committed 2368K, reserved 1048576K
}
Event: 6.942 GC heap after
{Heap after GC invocations=5 (full 0):
 PSYoungGen      total 29696K, used 4076K [0x00000007eab00000, 0x00000007ed700000, 0x0000000800000000)
  eden space 25600K, 0% used [0x00000007eab00000,0x00000007eab00000,0x00000007ec400000)
  from space 4096K, 99% used [0x00000007ec400000,0x00000007ec7fb078,0x00000007ec800000)
  to   space 9728K, 0% used [0x00000007ecd80000,0x00000007ecd80000,0x00000007ed700000)
 ParOldGen       total 68608K, used 19631K [0x00000007c0000000, 0x00000007c4300000, 0x00000007eab00000)
  object space 68608K, 28% used [0x00000007c0000000,0x00000007c132bfb0,0x00000007c4300000)
 Metaspace       used 21129K, committed 21504K, reserved 1114112K
  class space    used 2203K, committed 2368K, reserved 1048576K
}
Event: 6.942 GC heap before
{Heap before GC invocations=6 (full 1):
 PSYoungGen      total 29696K, used 4076K [0x00000007eab00000, 0x00000007ed700000, 0x0000000800000000)
  eden space 25600K, 0% used [0x00000007eab00000,0x00000007eab00000,0x00000007ec400000)
  from space 4096K, 99% used [0x00000007ec400000,0x00000007ec7fb078,0x00000007ec800000)
  to   space 9728K, 0% used [0x00000007ecd80000,0x00000007ecd80000,0x00000007ed700000)
 ParOldGen       total 68608K, used 19631K [0x00000007c0000000, 0x00000007c4300000, 0x00000007eab00000)
  object space 68608K, 28% used [0x00000007c0000000,0x00000007c132bfb0,0x00000007c4300000)
 Metaspace       used 21129K, committed 21504K, reserved 1114112K
  class space    used 2203K, committed 2368K, reserved 1048576K
}
Event: 6.994 GC heap after
{Heap after GC invocations=6 (full 1):
 PSYoungGen      total 29696K, used 0K [0x00000007eab00000, 0x00000007ed700000, 0x0000000800000000)
  eden space 25600K, 0% used [0x00000007eab00000,0x00000007eab00000,0x00000007ec400000)
  from space 4096K, 0% used [0x00000007ec400000,0x00000007ec400000,0x00000007ec800000)
  to   space 9728K, 0% used [0x00000007ecd80000,0x00000007ecd80000,0x00000007ed700000)
 ParOldGen       total 68608K, used 23351K [0x00000007c0000000, 0x00000007c4300000, 0x00000007eab00000)
  object space 68608K, 34% used [0x00000007c0000000,0x00000007c16cdf68,0x00000007c4300000)
 Metaspace       used 21116K, committed 21504K, reserved 1114112K
  class space    used 2199K, committed 2368K, reserved 1048576K
}
Event: 7.581 GC heap before
{Heap before GC invocations=7 (full 1):
 PSYoungGen      total 29696K, used 25600K [0x00000007eab00000, 0x00000007ed700000, 0x0000000800000000)
  eden space 25600K, 100% used [0x00000007eab00000,0x00000007ec400000,0x00000007ec400000)
  from space 4096K, 0% used [0x00000007ec400000,0x00000007ec400000,0x00000007ec800000)
  to   space 9728K, 0% used [0x00000007ecd80000,0x00000007ecd80000,0x00000007ed700000)
 ParOldGen       total 68608K, used 23351K [0x00000007c0000000, 0x00000007c4300000, 0x00000007eab00000)
  object space 68608K, 34% used [0x00000007c0000000,0x00000007c16cdf68,0x00000007c4300000)
 Metaspace       used 24637K, committed 25088K, reserved 1114112K
  class space    used 2454K, committed 2624K, reserved 1048576K
}
Event: 7.583 GC heap after
{Heap after GC invocations=7 (full 1):
 PSYoungGen      total 26112K, used 951K [0x00000007eab00000, 0x00000007ece80000, 0x0000000800000000)
  eden space 25088K, 0% used [0x00000007eab00000,0x00000007eab00000,0x00000007ec380000)
  from space 1024K, 92% used [0x00000007ecd80000,0x00000007ece6dc98,0x00000007ece80000)
  to   space 3584K, 0% used [0x00000007ec780000,0x00000007ec780000,0x00000007ecb00000)
 ParOldGen       total 68608K, used 23351K [0x00000007c0000000, 0x00000007c4300000, 0x00000007eab00000)
  object space 68608K, 34% used [0x00000007c0000000,0x00000007c16cdf68,0x00000007c4300000)
 Metaspace       used 24637K, committed 25088K, reserved 1114112K
  class space    used 2454K, committed 2624K, reserved 1048576K
}

